Build started 20-11-2021 16:44:54.
     1>Project "D:\Assignment\Speech Processing\Assignment-5\Speaking_cal\Speaking_cal\Speaking_cal.vcxproj" on node 2 (build target(s)).
     1>InitializeBuildStatus:
         Creating "Debug\Speaking_cal.unsuccessfulbuild" because "AlwaysCreate" was specified.
       GenerateTargetFrameworkMonikerAttribute:
       Skipping target "GenerateTargetFrameworkMonikerAttribute" because all output files are up-to-date with respect to the input files.
       ClCompile:
         All outputs are up-to-date.
         C:\Program Files (x86)\Microsoft Visual Studio 10.0\VC\bin\CL.exe /c /AI"C:\Program Files (x86)\Reference Assemblies\Microsoft\Framework\.NETFramework\v4.0" /Zi /clr:pure /nologo /W3 /WX- /Od /Oy- /D WIN32 /D _DEBUG /D _UNICODE /D UNICODE /EHa /MDd /GS /fp:precise /Zc:wchar_t /Zc:forScope /Yu"StdAfx.h" /Fp"Debug\Speaking_cal.pch" /Fo"Debug\\" /Fd"Debug\vc100.pdb" /TP /FU"C:\Program Files (x86)\Microsoft Visual Studio 10.0\ReportViewer\Microsoft.ReportViewer.Common.dll" /FU"C:\Program Files (x86)\Microsoft Visual Studio 10.0\ReportViewer\Microsoft.ReportViewer.WinForms.dll" /FU"C:\Program Files (x86)\Reference Assemblies\Microsoft\Framework\.NETFramework\v4.0\System.Core.dll" /FU"C:\Program Files (x86)\Reference Assemblies\Microsoft\Framework\.NETFramework\v4.0\System.Data.dll" /FU"C:\Program Files (x86)\Reference Assemblies\Microsoft\Framework\.NETFramework\v4.0\System.dll" /FU"C:\Program Files (x86)\Reference Assemblies\Microsoft\Framework\.NETFramework\v4.0\System.Drawing.dll" /FU"C:\Program Files (x86)\Reference Assemblies\Microsoft\Framework\.NETFramework\v4.0\System.Web.Services.dll" /FU"C:\Program Files (x86)\Reference Assemblies\Microsoft\Framework\.NETFramework\v4.0\System.Windows.Forms.dll" /FU"C:\Program Files (x86)\Reference Assemblies\Microsoft\Framework\.NETFramework\v4.0\System.Xml.dll" /analyze- /errorReport:prompt Speaking_cal.cpp /clr:nostdlib 
         Speaking_cal.cpp
         All outputs are up-to-date.
       CoreResGen:
         "C:\Program Files (x86)\Microsoft SDKs\Windows\v7.0A\bin\NETFX 4.0 Tools\resgen.exe" /useSourcePath /r:"C:\Program Files (x86)\Microsoft Visual Studio 10.0\ReportViewer\Microsoft.ReportViewer.Common.dll" /r:"C:\Program Files (x86)\Microsoft Visual Studio 10.0\ReportViewer\Microsoft.ReportViewer.WinForms.dll" /r:"C:\Program Files (x86)\Reference Assemblies\Microsoft\Framework\.NETFramework\v4.0\System.Core.dll" /r:"C:\Program Files (x86)\Reference Assemblies\Microsoft\Framework\.NETFramework\v4.0\System.Data.dll" /r:"C:\Program Files (x86)\Reference Assemblies\Microsoft\Framework\.NETFramework\v4.0\System.dll" /r:"C:\Program Files (x86)\Reference Assemblies\Microsoft\Framework\.NETFramework\v4.0\System.Drawing.dll" /r:"C:\Program Files (x86)\Reference Assemblies\Microsoft\Framework\.NETFramework\v4.0\System.Web.Services.dll" /r:"C:\Program Files (x86)\Reference Assemblies\Microsoft\Framework\.NETFramework\v4.0\System.Windows.Forms.dll" /r:"C:\Program Files (x86)\Reference Assemblies\Microsoft\Framework\.NETFramework\v4.0\System.Xml.dll" /compile Form1.resX,Debug\Speaking_cal.Form1.resources
         Processing resource file "Form1.resX" into "Debug\Speaking_cal.Form1.resources".
       ResourceCompile:
         All outputs are up-to-date.
       Link:
         C:\Program Files (x86)\Microsoft Visual Studio 10.0\VC\bin\link.exe /ERRORREPORT:PROMPT /OUT:"D:\Assignment\Speech Processing\Assignment-5\Speaking_cal\Debug\Speaking_cal.exe" /INCREMENTAL /NOLOGO /ASSEMBLYRESOURCE:Debug\Speaking_cal.Form1.resources /MANIFEST /ManifestFile:"Debug\Speaking_cal.exe.intermediate.manifest" /MANIFESTUAC:"level='asInvoker' uiAccess='false'" /DEBUG /PDB:"D:\Assignment\Speech Processing\Assignment-5\Speaking_cal\Debug\Speaking_cal.pdb" /ASSEMBLYDEBUG /SUBSYSTEM:WINDOWS /TLBID:1 /ENTRY:"main" /DYNAMICBASE /FIXED:NO /NXCOMPAT /MACHINE:X86 Debug\app.res
         Debug\AssemblyInfo.obj
         Debug\fun.obj
         Debug\Speaking_cal.obj
         Debug\stdafx.obj
         "Debug\.NETFramework,Version=v4.0.AssemblyAttributes.obj"
         Speaking_cal.vcxproj -> D:\Assignment\Speech Processing\Assignment-5\Speaking_cal\Debug\Speaking_cal.exe
       Manifest:
         C:\Program Files (x86)\Microsoft SDKs\Windows\v7.0A\bin\mt.exe /nologo /verbose /outputresource:"D:\Assignment\Speech Processing\Assignment-5\Speaking_cal\Debug\Speaking_cal.exe;#1" /manifest Debug\Speaking_cal.exe.intermediate.manifest
       FinalizeBuildStatus:
         Deleting file "Debug\Speaking_cal.unsuccessfulbuild".
         Touching "Debug\Speaking_cal.lastbuildstate".
     1>Done Building Project "D:\Assignment\Speech Processing\Assignment-5\Speaking_cal\Speaking_cal\Speaking_cal.vcxproj" (build target(s)).

Build succeeded.

Time Elapsed 00:00:02.75
